Compiling the CXX compiler identification source file "CMakeCXXCompilerId.cpp" failed.
Compiler: /contrib/bin/g++ 
Build flags: -include;"/home/project/cu_riscv32i_cycle_accurate/work/cu_riscv32i_cycle_accurate_options.hcodal"
Id flags:  

The output was:
1
cc1plus: fatal error: "/home/project/cu_riscv32i_cycle_accurate/work/cu_riscv32i_cycle_accurate_options.hcodal": No such file or directory
compilation terminated.


Compiling the CXX compiler identification source file "CMakeCXXCompilerId.cpp" failed.
Compiler: /contrib/bin/g++ 
Build flags: -include;"/home/project/cu_riscv32i_cycle_accurate/work/cu_riscv32i_cycle_accurate_options.hcodal"
Id flags: -c 

The output was:
1
cc1plus: fatal error: "/home/project/cu_riscv32i_cycle_accurate/work/cu_riscv32i_cycle_accurate_options.hcodal": No such file or directory
compilation terminated.


Compiling the CXX compiler identification source file "CMakeCXXCompilerId.cpp" failed.
Compiler: /contrib/bin/g++ 
Build flags: -include;"/home/project/cu_riscv32i_cycle_accurate/work/cu_riscv32i_cycle_accurate_options.hcodal"
Id flags: --c++ 

The output was:
1
g++: error: unrecognized command line option '--c++'


Compiling the CXX compiler identification source file "CMakeCXXCompilerId.cpp" failed.
Compiler: /contrib/bin/g++ 
Build flags: -include;"/home/project/cu_riscv32i_cycle_accurate/work/cu_riscv32i_cycle_accurate_options.hcodal"
Id flags: --ec++ 

The output was:
1
g++: error: unrecognized command line option '--ec++'; did you mean '-Weffc++'?


Compiling the CXX compiler identification source file "CMakeCXXCompilerId.cpp" failed.
Compiler: /contrib/bin/g++ 
Build flags: -include;"/home/project/cu_riscv32i_cycle_accurate/work/cu_riscv32i_cycle_accurate_options.hcodal"
Id flags: --target=arm-arm-none-eabi;-mcpu=cortex-m3 

The output was:
1
g++: warning: '-mcpu=' is deprecated; use '-mtune=' or '-march=' instead
g++: error: unrecognized command line option '--target=arm-arm-none-eabi'


Determining if the include file malloc/malloc.h exists failed with the following output:
Change Dir: /home/project/cu_riscv32i_cycle_accurate/work/ia/llvm/build/CMakeFiles/CMakeTmp

Run Build Command(s):/contrib/bin/ninja cmTC_18456 && [1/2] Building C object CMakeFiles/cmTC_18456.dir/CheckIncludeFile.c.o
FAILED: CMakeFiles/cmTC_18456.dir/CheckIncludeFile.c.o 
/contrib/bin/gcc    -o CMakeFiles/cmTC_18456.dir/CheckIncludeFile.c.o   -c CheckIncludeFile.c
CheckIncludeFile.c:1:10: fatal error: malloc/malloc.h: No such file or directory
 #include <malloc/malloc.h>
          ^~~~~~~~~~~~~~~~~
compilation terminated.
ninja: build stopped: subcommand failed.



Determining if the include file valgrind/valgrind.h exists failed with the following output:
Change Dir: /home/project/cu_riscv32i_cycle_accurate/work/ia/llvm/build/CMakeFiles/CMakeTmp

Run Build Command(s):/contrib/bin/ninja cmTC_1d64d && [1/2] Building C object CMakeFiles/cmTC_1d64d.dir/CheckIncludeFile.c.o
FAILED: CMakeFiles/cmTC_1d64d.dir/CheckIncludeFile.c.o 
/contrib/bin/gcc    -o CMakeFiles/cmTC_1d64d.dir/CheckIncludeFile.c.o   -c CheckIncludeFile.c
CheckIncludeFile.c:1:10: fatal error: valgrind/valgrind.h: No such file or directory
 #include <valgrind/valgrind.h>
          ^~~~~~~~~~~~~~~~~~~~~
compilation terminated.
ninja: build stopped: subcommand failed.



Determining if the include file mach/mach.h exists failed with the following output:
Change Dir: /home/project/cu_riscv32i_cycle_accurate/work/ia/llvm/build/CMakeFiles/CMakeTmp

Run Build Command(s):/contrib/bin/ninja cmTC_e8d24 && [1/2] Building C object CMakeFiles/cmTC_e8d24.dir/CheckIncludeFile.c.o
FAILED: CMakeFiles/cmTC_e8d24.dir/CheckIncludeFile.c.o 
/contrib/bin/gcc    -o CMakeFiles/cmTC_e8d24.dir/CheckIncludeFile.c.o   -c CheckIncludeFile.c
CheckIncludeFile.c:1:10: fatal error: mach/mach.h: No such file or directory
 #include <mach/mach.h>
          ^~~~~~~~~~~~~
compilation terminated.
ninja: build stopped: subcommand failed.



Determining if the include file CrashReporterClient.h exists failed with the following output:
Change Dir: /home/project/cu_riscv32i_cycle_accurate/work/ia/llvm/build/CMakeFiles/CMakeTmp

Run Build Command(s):/contrib/bin/ninja cmTC_5e966 && [1/2] Building C object CMakeFiles/cmTC_5e966.dir/CheckIncludeFile.c.o
FAILED: CMakeFiles/cmTC_5e966.dir/CheckIncludeFile.c.o 
/contrib/bin/gcc    -o CMakeFiles/cmTC_5e966.dir/CheckIncludeFile.c.o   -c CheckIncludeFile.c
CheckIncludeFile.c:1:10: fatal error: CrashReporterClient.h: No such file or directory
 #include <CrashReporterClient.h>
          ^~~~~~~~~~~~~~~~~~~~~~~
compilation terminated.
ninja: build stopped: subcommand failed.



Determining if the function pfm_initialize exists in the pfm failed with the following output:
Change Dir: /home/project/cu_riscv32i_cycle_accurate/work/ia/llvm/build/CMakeFiles/CMakeTmp

Run Build Command(s):/contrib/bin/ninja cmTC_01eaa && [1/2] Building C object CMakeFiles/cmTC_01eaa.dir/CheckFunctionExists.c.o
[2/2] Linking C executable cmTC_01eaa
FAILED: cmTC_01eaa 
: && /contrib/bin/gcc -DCHECK_FUNCTION_EXISTS=pfm_initialize  -static-libgcc -static-libstdc++ CMakeFiles/cmTC_01eaa.dir/CheckFunctionExists.c.o  -o cmTC_01eaa  -lpfm  -lm && :
/contrib/bin/../lib/gcc/x86_64-linux-gnu/7.4.0/../../../../x86_64-linux-gnu/bin/ld: cannot find -lpfm
collect2: error: ld returned 1 exit status
ninja: build stopped: subcommand failed.



Performing C SOURCE FILE Test CMAKE_HAVE_LIBC_PTHREAD failed with the following output:
Change Dir: /home/project/cu_riscv32i_cycle_accurate/work/ia/llvm/build/CMakeFiles/CMakeTmp

Run Build Command(s):/contrib/bin/ninja cmTC_e63bd && [1/2] Building C object CMakeFiles/cmTC_e63bd.dir/src.c.o
[2/2] Linking C executable cmTC_e63bd
FAILED: cmTC_e63bd 
: && /contrib/bin/gcc -DCMAKE_HAVE_LIBC_PTHREAD  -static-libgcc -static-libstdc++ CMakeFiles/cmTC_e63bd.dir/src.c.o  -o cmTC_e63bd  -lm && :
CMakeFiles/cmTC_e63bd.dir/src.c.o: In function `main':
src.c:(.text+0x2d): undefined reference to `pthread_create'
src.c:(.text+0x39): undefined reference to `pthread_detach'
src.c:(.text+0x45): undefined reference to `pthread_cancel'
src.c:(.text+0x56): undefined reference to `pthread_join'
collect2: error: ld returned 1 exit status
ninja: build stopped: subcommand failed.


Source file was:
#include <pthread.h>

void* test_func(void* data)
{
  return data;
}

int main(void)
{
  pthread_t thread;
  pthread_create(&thread, NULL, test_func, NULL);
  pthread_detach(thread);
  pthread_cancel(thread);
  pthread_join(thread, NULL);
  pthread_atfork(NULL, NULL, NULL);
  pthread_exit(NULL);

  return 0;
}

Determining if the function pthread_create exists in the pthreads failed with the following output:
Change Dir: /home/project/cu_riscv32i_cycle_accurate/work/ia/llvm/build/CMakeFiles/CMakeTmp

Run Build Command(s):/contrib/bin/ninja cmTC_c8938 && [1/2] Building C object CMakeFiles/cmTC_c8938.dir/CheckFunctionExists.c.o
[2/2] Linking C executable cmTC_c8938
FAILED: cmTC_c8938 
: && /contrib/bin/gcc -DCHECK_FUNCTION_EXISTS=pthread_create  -static-libgcc -static-libstdc++ CMakeFiles/cmTC_c8938.dir/CheckFunctionExists.c.o  -o cmTC_c8938  -lpthreads  -lm && :
/contrib/bin/../lib/gcc/x86_64-linux-gnu/7.4.0/../../../../x86_64-linux-gnu/bin/ld: cannot find -lpthreads
collect2: error: ld returned 1 exit status
ninja: build stopped: subcommand failed.



Determining if the function setupterm exists in the terminfo failed with the following output:
Change Dir: /home/project/cu_riscv32i_cycle_accurate/work/ia/llvm/build/CMakeFiles/CMakeTmp

Run Build Command(s):/contrib/bin/ninja cmTC_f0959 && [1/2] Building C object CMakeFiles/cmTC_f0959.dir/CheckFunctionExists.c.o
[2/2] Linking C executable cmTC_f0959
FAILED: cmTC_f0959 
: && /contrib/bin/gcc -DCHECK_FUNCTION_EXISTS=setupterm  -static-libgcc -static-libstdc++ CMakeFiles/cmTC_f0959.dir/CheckFunctionExists.c.o  -o cmTC_f0959  -lterminfo  -lm && :
/contrib/bin/../lib/gcc/x86_64-linux-gnu/7.4.0/../../../../x86_64-linux-gnu/bin/ld: cannot find -lterminfo
collect2: error: ld returned 1 exit status
ninja: build stopped: subcommand failed.



Determining if the function xar_open exists in the xar failed with the following output:
Change Dir: /home/project/cu_riscv32i_cycle_accurate/work/ia/llvm/build/CMakeFiles/CMakeTmp

Run Build Command(s):/contrib/bin/ninja cmTC_58a98 && [1/2] Building C object CMakeFiles/cmTC_58a98.dir/CheckFunctionExists.c.o
[2/2] Linking C executable cmTC_58a98
FAILED: cmTC_58a98 
: && /contrib/bin/gcc -DCHECK_FUNCTION_EXISTS=xar_open  -static-libgcc -static-libstdc++ CMakeFiles/cmTC_58a98.dir/CheckFunctionExists.c.o  -o cmTC_58a98  -lxar  -lm && :
/contrib/bin/../lib/gcc/x86_64-linux-gnu/7.4.0/../../../../x86_64-linux-gnu/bin/ld: cannot find -lxar
collect2: error: ld returned 1 exit status
ninja: build stopped: subcommand failed.



Determining if the arc4random exist failed with the following output:
Change Dir: /home/project/cu_riscv32i_cycle_accurate/work/ia/llvm/build/CMakeFiles/CMakeTmp

Run Build Command(s):/contrib/bin/ninja cmTC_7066e && [1/2] Building C object CMakeFiles/cmTC_7066e.dir/CheckSymbolExists.c.o
FAILED: CMakeFiles/cmTC_7066e.dir/CheckSymbolExists.c.o 
/contrib/bin/gcc    -o CMakeFiles/cmTC_7066e.dir/CheckSymbolExists.c.o   -c CheckSymbolExists.c
CheckSymbolExists.c: In function 'main':
CheckSymbolExists.c:8:19: error: 'arc4random' undeclared (first use in this function); did you mean 'srandom'?
   return ((int*)(&arc4random))[argc];
                   ^~~~~~~~~~
                   srandom
CheckSymbolExists.c:8:19: note: each undeclared identifier is reported only once for each function it appears in
ninja: build stopped: subcommand failed.


File /home/project/cu_riscv32i_cycle_accurate/work/ia/llvm/build/CMakeFiles/CMakeTmp/CheckSymbolExists.c:
/* */
#include <stdlib.h>

int main(int argc, char** argv)
{
  (void)argv;
#ifndef arc4random
  return ((int*)(&arc4random))[argc];
#else
  (void)argc;
  return 0;
#endif
}
Performing C SOURCE FILE Test C_SUPPORTS_WERROR_UNGUARDED_AVAILABILITY_NEW failed with the following output:
Change Dir: /home/project/cu_riscv32i_cycle_accurate/work/ia/llvm/build/CMakeFiles/CMakeTmp

Run Build Command(s):/contrib/bin/ninja cmTC_d295a && [1/2] Building C object CMakeFiles/cmTC_d295a.dir/src.c.o
FAILED: CMakeFiles/cmTC_d295a.dir/src.c.o 
/contrib/bin/gcc   -DC_SUPPORTS_WERROR_UNGUARDED_AVAILABILITY_NEW   -Werror=unguarded-availability-new -o CMakeFiles/cmTC_d295a.dir/src.c.o   -c src.c
cc1: error: -Werror=unguarded-availability-new: no option -Wunguarded-availability-new
ninja: build stopped: subcommand failed.


Source file was:
int main(void) { return 0; }
Determining if the mallctl exist failed with the following output:
Change Dir: /home/project/cu_riscv32i_cycle_accurate/work/ia/llvm/build/CMakeFiles/CMakeTmp

Run Build Command(s):/contrib/bin/ninja cmTC_6c42b && [1/2] Building C object CMakeFiles/cmTC_6c42b.dir/CheckSymbolExists.c.o
FAILED: CMakeFiles/cmTC_6c42b.dir/CheckSymbolExists.c.o 
/contrib/bin/gcc    -o CMakeFiles/cmTC_6c42b.dir/CheckSymbolExists.c.o   -c CheckSymbolExists.c
CheckSymbolExists.c:2:10: fatal error: malloc_np.h: No such file or directory
 #include <malloc_np.h>
          ^~~~~~~~~~~~~
compilation terminated.
ninja: build stopped: subcommand failed.


File /home/project/cu_riscv32i_cycle_accurate/work/ia/llvm/build/CMakeFiles/CMakeTmp/CheckSymbolExists.c:
/* */
#include <malloc_np.h>

int main(int argc, char** argv)
{
  (void)argv;
#ifndef mallctl
  return ((int*)(&mallctl))[argc];
#else
  (void)argc;
  return 0;
#endif
}
Determining if the malloc_zone_statistics exist failed with the following output:
Change Dir: /home/project/cu_riscv32i_cycle_accurate/work/ia/llvm/build/CMakeFiles/CMakeTmp

Run Build Command(s):/contrib/bin/ninja cmTC_be7e3 && [1/2] Building C object CMakeFiles/cmTC_be7e3.dir/CheckSymbolExists.c.o
FAILED: CMakeFiles/cmTC_be7e3.dir/CheckSymbolExists.c.o 
/contrib/bin/gcc    -o CMakeFiles/cmTC_be7e3.dir/CheckSymbolExists.c.o   -c CheckSymbolExists.c
CheckSymbolExists.c:2:10: fatal error: malloc/malloc.h: No such file or directory
 #include <malloc/malloc.h>
          ^~~~~~~~~~~~~~~~~
compilation terminated.
ninja: build stopped: subcommand failed.


File /home/project/cu_riscv32i_cycle_accurate/work/ia/llvm/build/CMakeFiles/CMakeTmp/CheckSymbolExists.c:
/* */
#include <malloc/malloc.h>

int main(int argc, char** argv)
{
  (void)argv;
#ifndef malloc_zone_statistics
  return ((int*)(&malloc_zone_statistics))[argc];
#else
  (void)argc;
  return 0;
#endif
}
Determining if the strerror_s exist failed with the following output:
Change Dir: /home/project/cu_riscv32i_cycle_accurate/work/ia/llvm/build/CMakeFiles/CMakeTmp

Run Build Command(s):/contrib/bin/ninja cmTC_28d60 && [1/2] Building C object CMakeFiles/cmTC_28d60.dir/CheckSymbolExists.c.o
FAILED: CMakeFiles/cmTC_28d60.dir/CheckSymbolExists.c.o 
/contrib/bin/gcc    -o CMakeFiles/cmTC_28d60.dir/CheckSymbolExists.c.o   -c CheckSymbolExists.c
CheckSymbolExists.c: In function 'main':
CheckSymbolExists.c:8:19: error: 'strerror_s' undeclared (first use in this function); did you mean 'strerror_l'?
   return ((int*)(&strerror_s))[argc];
                   ^~~~~~~~~~
                   strerror_l
CheckSymbolExists.c:8:19: note: each undeclared identifier is reported only once for each function it appears in
ninja: build stopped: subcommand failed.


File /home/project/cu_riscv32i_cycle_accurate/work/ia/llvm/build/CMakeFiles/CMakeTmp/CheckSymbolExists.c:
/* */
#include <string.h>

int main(int argc, char** argv)
{
  (void)argv;
#ifndef strerror_s
  return ((int*)(&strerror_s))[argc];
#else
  (void)argc;
  return 0;
#endif
}
Determining if the dladdr exist failed with the following output:
Change Dir: /home/project/cu_riscv32i_cycle_accurate/work/ia/llvm/build/CMakeFiles/CMakeTmp

Run Build Command(s):/contrib/bin/ninja cmTC_5d93b && [1/2] Building C object CMakeFiles/cmTC_5d93b.dir/CheckSymbolExists.c.o
FAILED: CMakeFiles/cmTC_5d93b.dir/CheckSymbolExists.c.o 
/contrib/bin/gcc    -o CMakeFiles/cmTC_5d93b.dir/CheckSymbolExists.c.o   -c CheckSymbolExists.c
CheckSymbolExists.c: In function 'main':
CheckSymbolExists.c:8:19: error: 'dladdr' undeclared (first use in this function)
   return ((int*)(&dladdr))[argc];
                   ^~~~~~
CheckSymbolExists.c:8:19: note: each undeclared identifier is reported only once for each function it appears in
ninja: build stopped: subcommand failed.


File /home/project/cu_riscv32i_cycle_accurate/work/ia/llvm/build/CMakeFiles/CMakeTmp/CheckSymbolExists.c:
/* */
#include <dlfcn.h>

int main(int argc, char** argv)
{
  (void)argv;
#ifndef dladdr
  return ((int*)(&dladdr))[argc];
#else
  (void)argc;
  return 0;
#endif
}
Performing C SOURCE FILE Test HAVE_STRUCT_STAT_ST_MTIMESPEC_TV_NSEC failed with the following output:
Change Dir: /home/project/cu_riscv32i_cycle_accurate/work/ia/llvm/build/CMakeFiles/CMakeTmp

Run Build Command(s):/contrib/bin/ninja cmTC_79aac && [1/2] Building C object CMakeFiles/cmTC_79aac.dir/src.c.o
FAILED: CMakeFiles/cmTC_79aac.dir/src.c.o 
/contrib/bin/gcc   -DHAVE_STRUCT_STAT_ST_MTIMESPEC_TV_NSEC -o CMakeFiles/cmTC_79aac.dir/src.c.o   -c src.c
src.c: In function 'main':
src.c:7:36: error: 'struct stat' has no member named 'st_mtimespec'; did you mean 'st_mtim'?
   (void)sizeof(((struct stat *)0)->st_mtimespec.tv_nsec);
                                    ^~~~~~~~~~~~
                                    st_mtim
ninja: build stopped: subcommand failed.


Source file was:

#include <sys/types.h>
#include <sys/stat.h>

int main()
{
  (void)sizeof(((struct stat *)0)->st_mtimespec.tv_nsec);
  return 0;
}

Performing C++ SOURCE FILE Test SUPPORTS_GNU_ZERO_VARIADIC_MACRO_ARGUMENTS_FLAG failed with the following output:
Change Dir: /home/project/cu_riscv32i_cycle_accurate/work/ia/llvm/build/CMakeFiles/CMakeTmp

Run Build Command(s):/contrib/bin/ninja cmTC_63015 && [1/2] Building CXX object CMakeFiles/cmTC_63015.dir/src.cxx.o
FAILED: CMakeFiles/cmTC_63015.dir/src.cxx.o 
/contrib/bin/g++    -include "/home/project/cu_riscv32i_cycle_accurate/work/cu_riscv32i_cycle_accurate_options.hcodal" -DSUPPORTS_GNU_ZERO_VARIADIC_MACRO_ARGUMENTS_FLAG   -Wgnu-zero-variadic-macro-arguments -o CMakeFiles/cmTC_63015.dir/src.cxx.o -c src.cxx
g++: error: unrecognized command line option '-Wgnu-zero-variadic-macro-arguments'; did you mean '-Wno-variadic-macros'?
ninja: build stopped: subcommand failed.


Source file was:
int main() { return 0; }
Performing C++ SOURCE FILE Test CXX_SUPPORTS_WERROR_UNGUARDED_AVAILABILITY_NEW failed with the following output:
Change Dir: /home/project/cu_riscv32i_cycle_accurate/work/ia/llvm/build/CMakeFiles/CMakeTmp

Run Build Command(s):/contrib/bin/ninja cmTC_f1404 && [1/2] Building CXX object CMakeFiles/cmTC_f1404.dir/src.cxx.o
FAILED: CMakeFiles/cmTC_f1404.dir/src.cxx.o 
/contrib/bin/g++    -include "/home/project/cu_riscv32i_cycle_accurate/work/cu_riscv32i_cycle_accurate_options.hcodal" -fPIC -fvisibility-inlines-hidden -Werror=date-time -DCXX_SUPPORTS_WERROR_UNGUARDED_AVAILABILITY_NEW   -Werror -Werror=unguarded-availability-new -o CMakeFiles/cmTC_f1404.dir/src.cxx.o -c src.cxx
cc1plus: error: -Werror=unguarded-availability-new: no option -Wunguarded-availability-new
ninja: build stopped: subcommand failed.


Source file was:
int main() { return 0; }
Performing C SOURCE FILE Test C_SUPPORTS_COVERED_SWITCH_DEFAULT_FLAG failed with the following output:
Change Dir: /home/project/cu_riscv32i_cycle_accurate/work/ia/llvm/build/CMakeFiles/CMakeTmp

Run Build Command(s):/contrib/bin/ninja cmTC_83278 && [1/2] Building C object CMakeFiles/cmTC_83278.dir/src.c.o
FAILED: CMakeFiles/cmTC_83278.dir/src.c.o 
/contrib/bin/gcc   -fPIC -Werror=date-time -Wall -Wextra -Wno-unused-parameter -Wwrite-strings -Wno-missing-field-initializers -pedantic -Wno-long-long -Wimplicit-fallthrough -DC_SUPPORTS_COVERED_SWITCH_DEFAULT_FLAG   -Werror -Wcovered-switch-default -o CMakeFiles/cmTC_83278.dir/src.c.o   -c src.c
gcc: error: unrecognized command line option '-Wcovered-switch-default'; did you mean '-Wno-switch-default'?
ninja: build stopped: subcommand failed.


Source file was:
int main(void) { return 0; }
Performing C++ SOURCE FILE Test CXX_SUPPORTS_COVERED_SWITCH_DEFAULT_FLAG failed with the following output:
Change Dir: /home/project/cu_riscv32i_cycle_accurate/work/ia/llvm/build/CMakeFiles/CMakeTmp

Run Build Command(s):/contrib/bin/ninja cmTC_26b42 && [1/2] Building CXX object CMakeFiles/cmTC_26b42.dir/src.cxx.o
FAILED: CMakeFiles/cmTC_26b42.dir/src.cxx.o 
/contrib/bin/g++    -include "/home/project/cu_riscv32i_cycle_accurate/work/cu_riscv32i_cycle_accurate_options.hcodal" -fPIC -fvisibility-inlines-hidden -Werror=date-time -std=c++11 -Wall -Wextra -Wno-unused-parameter -Wwrite-strings -Wcast-qual -Wno-missing-field-initializers -pedantic -Wno-long-long -Wimplicit-fallthrough -DCXX_SUPPORTS_COVERED_SWITCH_DEFAULT_FLAG   -Werror -Wcovered-switch-default -o CMakeFiles/cmTC_26b42.dir/src.cxx.o -c src.cxx
g++: error: unrecognized command line option '-Wcovered-switch-default'; did you mean '-Wno-switch-default'?
ninja: build stopped: subcommand failed.


Source file was:
int main() { return 0; }
Performing C++ SOURCE FILE Test CXX_SUPPORTS_CLASS_MEMACCESS_FLAG failed with the following output:
Change Dir: /home/project/cu_riscv32i_cycle_accurate/work/ia/llvm/build/CMakeFiles/CMakeTmp

Run Build Command(s):/contrib/bin/ninja cmTC_ffdcc && [1/2] Building CXX object CMakeFiles/cmTC_ffdcc.dir/src.cxx.o
FAILED: CMakeFiles/cmTC_ffdcc.dir/src.cxx.o 
/contrib/bin/g++    -include "/home/project/cu_riscv32i_cycle_accurate/work/cu_riscv32i_cycle_accurate_options.hcodal" -fPIC -fvisibility-inlines-hidden -Werror=date-time -std=c++11 -Wall -Wextra -Wno-unused-parameter -Wwrite-strings -Wcast-qual -Wno-missing-field-initializers -pedantic -Wno-long-long -Wimplicit-fallthrough -Wno-maybe-uninitialized -DCXX_SUPPORTS_CLASS_MEMACCESS_FLAG   -Wclass-memaccess -o CMakeFiles/cmTC_ffdcc.dir/src.cxx.o -c src.cxx
g++: error: unrecognized command line option '-Wclass-memaccess'
ninja: build stopped: subcommand failed.


Source file was:
int main() { return 0; }
Performing C SOURCE FILE Test C_SUPPORTS_DELETE_NON_VIRTUAL_DTOR_FLAG failed with the following output:
Change Dir: /home/project/cu_riscv32i_cycle_accurate/work/ia/llvm/build/CMakeFiles/CMakeTmp

Run Build Command(s):/contrib/bin/ninja cmTC_65301 && [1/2] Building C object CMakeFiles/cmTC_65301.dir/src.c.o
FAILED: CMakeFiles/cmTC_65301.dir/src.c.o 
/contrib/bin/gcc   -fPIC -Werror=date-time -Wall -Wextra -Wno-unused-parameter -Wwrite-strings -Wno-missing-field-initializers -pedantic -Wno-long-long -Wimplicit-fallthrough -DC_SUPPORTS_DELETE_NON_VIRTUAL_DTOR_FLAG   -Werror -Wdelete-non-virtual-dtor -o CMakeFiles/cmTC_65301.dir/src.c.o   -c src.c
cc1: error: command line option '-Wdelete-non-virtual-dtor' is valid for C++/ObjC++ but not for C [-Werror]
cc1: all warnings being treated as errors
ninja: build stopped: subcommand failed.


Source file was:
int main(void) { return 0; }
Performing C SOURCE FILE Test C_WCOMMENT_ALLOWS_LINE_WRAP failed with the following output:
Change Dir: /home/project/cu_riscv32i_cycle_accurate/work/ia/llvm/build/CMakeFiles/CMakeTmp

Run Build Command(s):/contrib/bin/ninja cmTC_a2d39 && [1/2] Building C object CMakeFiles/cmTC_a2d39.dir/src.c.o
FAILED: CMakeFiles/cmTC_a2d39.dir/src.c.o 
/contrib/bin/gcc -D_GNU_SOURCE  -fPIC -Werror=date-time -Wall -Wextra -Wno-unused-parameter -Wwrite-strings -Wno-missing-field-initializers -pedantic -Wno-long-long -Wimplicit-fallthrough -DC_WCOMMENT_ALLOWS_LINE_WRAP  -Werror -Wcomment -o CMakeFiles/cmTC_a2d39.dir/src.c.o   -c src.c
src.c:1:1: error: multi-line comment [-Werror=comment]
 // \
 ^
cc1: all warnings being treated as errors
ninja: build stopped: subcommand failed.


Source file was:
// \
//
int main() {return 0;}
Performing C SOURCE FILE Test C_SUPPORTS_STRING_CONVERSION_FLAG failed with the following output:
Change Dir: /home/project/cu_riscv32i_cycle_accurate/work/ia/llvm/build/CMakeFiles/CMakeTmp

Run Build Command(s):/contrib/bin/ninja cmTC_76d45 && [1/2] Building C object CMakeFiles/cmTC_76d45.dir/src.c.o
FAILED: CMakeFiles/cmTC_76d45.dir/src.c.o 
/contrib/bin/gcc   -fPIC -Werror=date-time -Wall -Wextra -Wno-unused-parameter -Wwrite-strings -Wno-missing-field-initializers -pedantic -Wno-long-long -Wimplicit-fallthrough -Wno-comment -DC_SUPPORTS_STRING_CONVERSION_FLAG   -Werror -Wstring-conversion -o CMakeFiles/cmTC_76d45.dir/src.c.o   -c src.c
gcc: error: unrecognized command line option '-Wstring-conversion'; did you mean '-Wint-conversion'?
ninja: build stopped: subcommand failed.


Source file was:
int main(void) { return 0; }
Performing C++ SOURCE FILE Test CXX_SUPPORTS_STRING_CONVERSION_FLAG failed with the following output:
Change Dir: /home/project/cu_riscv32i_cycle_accurate/work/ia/llvm/build/CMakeFiles/CMakeTmp

Run Build Command(s):/contrib/bin/ninja cmTC_7710a && [1/2] Building CXX object CMakeFiles/cmTC_7710a.dir/src.cxx.o
FAILED: CMakeFiles/cmTC_7710a.dir/src.cxx.o 
/contrib/bin/g++    -include "/home/project/cu_riscv32i_cycle_accurate/work/cu_riscv32i_cycle_accurate_options.hcodal" -fPIC -fvisibility-inlines-hidden -Werror=date-time -std=c++11 -Wall -Wextra -Wno-unused-parameter -Wwrite-strings -Wcast-qual -Wno-missing-field-initializers -pedantic -Wno-long-long -Wimplicit-fallthrough -Wno-maybe-uninitialized -Wno-noexcept-type -Wdelete-non-virtual-dtor -Wno-comment -DCXX_SUPPORTS_STRING_CONVERSION_FLAG   -Werror -Wstring-conversion -o CMakeFiles/cmTC_7710a.dir/src.cxx.o -c src.cxx
g++: error: unrecognized command line option '-Wstring-conversion'; did you mean '-Wint-conversion'?
ninja: build stopped: subcommand failed.


Source file was:
int main() { return 0; }
Performing C++ SOURCE FILE Test LINKER_SUPPORTS_COLOR_DIAGNOSTICS failed with the following output:
Change Dir: /home/project/cu_riscv32i_cycle_accurate/work/ia/llvm/build/CMakeFiles/CMakeTmp

Run Build Command(s):/contrib/bin/ninja cmTC_65fa7 && [1/2] Building CXX object CMakeFiles/cmTC_65fa7.dir/src.cxx.o
[2/2] Linking CXX executable cmTC_65fa7
FAILED: cmTC_65fa7 
: && /contrib/bin/g++  -include "/home/project/cu_riscv32i_cycle_accurate/work/cu_riscv32i_cycle_accurate_options.hcodal" -fPIC -fvisibility-inlines-hidden -Werror=date-time -std=c++11 -Wall -Wextra -Wno-unused-parameter -Wwrite-strings -Wcast-qual -Wno-missing-field-initializers -pedantic -Wno-long-long -Wimplicit-fallthrough -Wno-maybe-uninitialized -Wno-noexcept-type -Wdelete-non-virtual-dtor -Wno-comment -fdiagnostics-color -DLINKER_SUPPORTS_COLOR_DIAGNOSTICS  -static-libgcc -static-libstdc++ -Wl,--color-diagnostics CMakeFiles/cmTC_65fa7.dir/src.cxx.o  -o cmTC_65fa7  -lm && :
/contrib/bin/../lib/gcc/x86_64-linux-gnu/7.4.0/../../../../x86_64-linux-gnu/bin/ld: unrecognized option '--color-diagnostics'
/contrib/bin/../lib/gcc/x86_64-linux-gnu/7.4.0/../../../../x86_64-linux-gnu/bin/ld: use the --help option for usage information
collect2: error: ld returned 1 exit status
ninja: build stopped: subcommand failed.


Source file was:
int main() { return 0; }
Determining if the os_signpost_interval_begin exist failed with the following output:
Change Dir: /home/project/cu_riscv32i_cycle_accurate/work/ia/llvm/build/CMakeFiles/CMakeTmp

Run Build Command(s):/contrib/bin/ninja cmTC_be244 && [1/2] Building C object CMakeFiles/cmTC_be244.dir/CheckSymbolExists.c.o
FAILED: CMakeFiles/cmTC_be244.dir/CheckSymbolExists.c.o 
/contrib/bin/gcc -D_GNU_SOURCE  -fPIC -Werror=date-time -Wall -Wextra -Wno-unused-parameter -Wwrite-strings -Wno-missing-field-initializers -pedantic -Wno-long-long -Wimplicit-fallthrough -Wno-comment -fdiagnostics-color -ffunction-sections -fdata-sections -o CMakeFiles/cmTC_be244.dir/CheckSymbolExists.c.o   -c CheckSymbolExists.c
CheckSymbolExists.c:2:10: fatal error: os/signpost.h: No such file or directory
 #include <os/signpost.h>
          ^~~~~~~~~~~~~~~
compilation terminated.
ninja: build stopped: subcommand failed.


File /home/project/cu_riscv32i_cycle_accurate/work/ia/llvm/build/CMakeFiles/CMakeTmp/CheckSymbolExists.c:
/* */
#include <os/signpost.h>

int main(int argc, char** argv)
{
  (void)argv;
#ifndef os_signpost_interval_begin
  return ((int*)(&os_signpost_interval_begin))[argc];
#else
  (void)argc;
  return 0;
#endif
}
